%!Adobe-FontList 1.16
%Locale:0x2c0a

%BeginFont
Handler:DirectoryHandler
FontType:TrueType
FontName:Raleway-Bold
FamilyName:Raleway
StyleName:Bold
FullName:Raleway Bold
MenuName:Raleway
StyleBits:2
WritingScript:Roman
OutlineFileName:C:\Users\exequ\Downloads\Font\Raleway-Bold.ttf
DataFormat:sfntData
FileLength:128248
FileModTime:1367179237
WeightClass:700
WidthClass:5
AngleClass:0
NameArray:0,Mac,18,Raleway Bold
NameArray:0,Mac,4,Raleway Bold
NameArray:0,Win,1,Raleway
%EndFont

%BeginFont
Handler:DirectoryHandler
FontType:TrueType
FontName:Raleway-ExtraBold
FamilyName:Raleway
StyleName:ExtraBold
FullName:Raleway ExtraBold
MenuName:Raleway
StyleBits:0
WritingScript:Roman
OutlineFileName:C:\Users\exequ\Downloads\Font\Raleway-ExtraBold.ttf
DataFormat:sfntData
FileLength:125136
FileModTime:1367179237
WeightClass:800
WidthClass:5
AngleClass:0
NameArray:0,Mac,18,Raleway ExtraBold
NameArray:0,Mac,4,Raleway ExtraBold
NameArray:0,Win,1,Raleway
%EndFont

%BeginFont
Handler:DirectoryHandler
FontType:TrueType
FontName:Raleway-ExtraLight
FamilyName:Raleway
StyleName:ExtraLight
FullName:Raleway ExtraLight
MenuName:Raleway
StyleBits:0
WritingScript:Roman
OutlineFileName:C:\Users\exequ\Downloads\Font\Raleway-ExtraLight.ttf
DataFormat:sfntData
FileLength:122400
FileModTime:1367179237
WeightClass:200
WidthClass:5
AngleClass:0
NameArray:0,Mac,18,Raleway ExtraLight
NameArray:0,Mac,4,Raleway ExtraLight
NameArray:0,Win,1,Raleway
%EndFont

%BeginFont
Handler:DirectoryHandler
FontType:TrueType
FontName:Raleway-Heavy
FamilyName:Raleway
StyleName:Heavy
FullName:Raleway Heavy
MenuName:Raleway
StyleBits:0
WritingScript:Roman
OutlineFileName:C:\Users\exequ\Downloads\Font\Raleway-Heavy.ttf
DataFormat:sfntData
FileLength:129520
FileModTime:1367179237
WeightClass:900
WidthClass:5
AngleClass:0
NameArray:0,Mac,18,Raleway Heavy
NameArray:0,Mac,4,Raleway Heavy
NameArray:0,Win,1,Raleway
%EndFont

%BeginFont
Handler:DirectoryHandler
FontType:TrueType
FontName:Raleway-Light
FamilyName:Raleway
StyleName:Light
FullName:Raleway Light
MenuName:Raleway
StyleBits:0
WritingScript:Roman
OutlineFileName:C:\Users\exequ\Downloads\Font\Raleway-Light.ttf
DataFormat:sfntData
FileLength:132200
FileModTime:1367179237
WeightClass:300
WidthClass:5
AngleClass:0
NameArray:0,Mac,18,Raleway Light
NameArray:0,Mac,4,Raleway Light
NameArray:0,Win,1,Raleway
%EndFont

%BeginFont
Handler:DirectoryHandler
FontType:TrueType
FontName:Raleway-Medium
FamilyName:Raleway
StyleName:Medium
FullName:Raleway Medium
MenuName:Raleway
StyleBits:0
WritingScript:Roman
OutlineFileName:C:\Users\exequ\Downloads\Font\Raleway-Medium.ttf
DataFormat:sfntData
FileLength:129308
FileModTime:1367179237
WeightClass:500
WidthClass:5
AngleClass:0
NameArray:0,Mac,18,Raleway Medium
NameArray:0,Mac,4,Raleway Medium
NameArray:0,Win,1,Raleway
%EndFont

%BeginFont
Handler:DirectoryHandler
FontType:TrueType
FontName:Raleway
FamilyName:Raleway
StyleName:Regular
FullName:Raleway
MenuName:Raleway
StyleBits:0
WritingScript:Roman
OutlineFileName:C:\Users\exequ\Downloads\Font\Raleway-Regular_0.ttf
DataFormat:sfntData
FileLength:130128
FileModTime:1367179237
WeightClass:400
WidthClass:5
AngleClass:0
NameArray:0,Mac,18,Raleway
NameArray:0,Mac,4,Raleway
NameArray:0,Win,1,Raleway
%EndFont

%BeginFont
Handler:DirectoryHandler
FontType:TrueType
FontName:Raleway-SemiBold
FamilyName:Raleway
StyleName:SemiBold
FullName:Raleway SemiBold
MenuName:Raleway
StyleBits:0
WritingScript:Roman
OutlineFileName:C:\Users\exequ\Downloads\Font\Raleway-SemiBold.ttf
DataFormat:sfntData
FileLength:130880
FileModTime:1367179237
WeightClass:600
WidthClass:5
AngleClass:0
NameArray:0,Mac,18,Raleway SemiBold
NameArray:0,Mac,4,Raleway SemiBold
NameArray:0,Win,1,Raleway
%EndFont

%BeginFont
Handler:DirectoryHandler
FontType:Type1
FontName:Raleway-Thin
FamilyName:Raleway
StyleName:Thin
FullName:Raleway Thin
MenuName:Raleway
StyleBits:0
WritingScript:Roman
OutlineFileName:C:\Users\exequ\Downloads\Font\raleway_thin.otf
DataFormat:sfntData
UsesStandardEncoding:yes
isCFF:yes
FileLength:23944
FileModTime:1367179237
WeightClass:250
WidthClass:5
AngleClass:0
NameArray:0,Mac,4,Raleway Thin
NameArray:0,Win,1,Raleway
%EndFont

